2021/06/19 05:47:29 [notice] 1#1: using the "epoll" event method
2021/06/19 05:47:29 [notice] 1#1: nginx/1.21.0
2021/06/19 05:47:29 [notice] 1#1: built by gcc 8.3.0 (Debian 8.3.0-6) 
2021/06/19 05:47:29 [notice] 1#1: OS: Linux 5.4.72-microsoft-standard-WSL2
2021/06/19 05:47:29 [notice] 1#1: getrlimit(RLIMIT_NOFILE): 1048576:1048576
2021/06/19 05:47:29 [notice] 1#1: start worker processes
2021/06/19 05:47:29 [notice] 1#1: start worker process 24
2021/06/19 05:47:29 [notice] 1#1: start worker process 25
2021/06/19 05:47:29 [notice] 1#1: start worker process 26
2021/06/19 05:47:29 [notice] 1#1: start worker process 27
2021/06/19 05:57:22 [notice] 1#1: signal 3 (SIGQUIT) received, shutting down
2021/06/19 05:57:22 [notice] 24#24: gracefully shutting down
2021/06/19 05:57:22 [notice] 26#26: gracefully shutting down
2021/06/19 05:57:22 [notice] 25#25: gracefully shutting down
2021/06/19 05:57:22 [notice] 27#27: gracefully shutting down
2021/06/19 05:57:22 [notice] 24#24: exiting
2021/06/19 05:57:22 [notice] 26#26: exiting
2021/06/19 05:57:22 [notice] 25#25: exiting
2021/06/19 05:57:22 [notice] 27#27: exiting
2021/06/19 05:57:22 [notice] 24#24: exit
2021/06/19 05:57:22 [notice] 26#26: exit
2021/06/19 05:57:22 [notice] 25#25: exit
2021/06/19 05:57:22 [notice] 27#27: exit
2021/06/19 05:57:22 [notice] 1#1: signal 17 (SIGCHLD) received from 25
2021/06/19 05:57:22 [notice] 1#1: worker process 25 exited with code 0
2021/06/19 05:57:22 [notice] 1#1: signal 29 (SIGIO) received
2021/06/19 05:57:22 [notice] 1#1: signal 17 (SIGCHLD) received from 27
2021/06/19 05:57:22 [notice] 1#1: worker process 24 exited with code 0
2021/06/19 05:57:22 [notice] 1#1: worker process 27 exited with code 0
2021/06/19 05:57:22 [notice] 1#1: signal 29 (SIGIO) received
2021/06/19 05:57:23 [notice] 1#1: signal 17 (SIGCHLD) received from 26
2021/06/19 05:57:23 [notice] 1#1: worker process 26 exited with code 0
2021/06/19 05:57:23 [notice] 1#1: exit
2021/06/19 05:57:51 [notice] 1#1: using the "epoll" event method
2021/06/19 05:57:51 [notice] 1#1: nginx/1.21.0
2021/06/19 05:57:51 [notice] 1#1: built by gcc 8.3.0 (Debian 8.3.0-6) 
2021/06/19 05:57:51 [notice] 1#1: OS: Linux 5.4.72-microsoft-standard-WSL2
2021/06/19 05:57:51 [notice] 1#1: getrlimit(RLIMIT_NOFILE): 1048576:1048576
2021/06/19 05:57:51 [notice] 1#1: start worker processes
2021/06/19 05:57:51 [notice] 1#1: start worker process 22
2021/06/19 05:57:51 [notice] 1#1: start worker process 23
2021/06/19 05:57:51 [notice] 1#1: start worker process 24
2021/06/19 05:57:51 [notice] 1#1: start worker process 25
2021/06/19 05:58:51 [notice] 1#1: signal 3 (SIGQUIT) received, shutting down
2021/06/19 05:58:51 [notice] 22#22: gracefully shutting down
2021/06/19 05:58:51 [notice] 22#22: exiting
2021/06/19 05:58:51 [notice] 23#23: gracefully shutting down
2021/06/19 05:58:51 [notice] 24#24: gracefully shutting down
2021/06/19 05:58:51 [notice] 25#25: gracefully shutting down
2021/06/19 05:58:51 [notice] 22#22: exit
2021/06/19 05:58:51 [notice] 23#23: exiting
2021/06/19 05:58:51 [notice] 24#24: exiting
2021/06/19 05:58:51 [notice] 25#25: exiting
2021/06/19 05:58:51 [notice] 23#23: exit
2021/06/19 05:58:51 [notice] 24#24: exit
2021/06/19 05:58:51 [notice] 25#25: exit
2021/06/19 05:58:51 [notice] 1#1: signal 17 (SIGCHLD) received from 22
2021/06/19 05:58:51 [notice] 1#1: worker process 22 exited with code 0
2021/06/19 05:58:51 [notice] 1#1: worker process 24 exited with code 0
2021/06/19 05:58:51 [notice] 1#1: signal 29 (SIGIO) received
2021/06/19 05:58:51 [notice] 1#1: signal 17 (SIGCHLD) received from 23
2021/06/19 05:58:51 [notice] 1#1: worker process 23 exited with code 0
2021/06/19 05:58:51 [notice] 1#1: worker process 25 exited with code 0
2021/06/19 05:58:51 [notice] 1#1: exit
2021/06/19 05:59:17 [notice] 1#1: using the "epoll" event method
2021/06/19 05:59:17 [notice] 1#1: nginx/1.21.0
2021/06/19 05:59:17 [notice] 1#1: built by gcc 8.3.0 (Debian 8.3.0-6) 
2021/06/19 05:59:17 [notice] 1#1: OS: Linux 5.4.72-microsoft-standard-WSL2
2021/06/19 05:59:17 [notice] 1#1: getrlimit(RLIMIT_NOFILE): 1048576:1048576
2021/06/19 05:59:17 [notice] 1#1: start worker processes
2021/06/19 05:59:17 [notice] 1#1: start worker process 23
2021/06/19 05:59:17 [notice] 1#1: start worker process 24
2021/06/19 05:59:17 [notice] 1#1: start worker process 25
2021/06/19 05:59:17 [notice] 1#1: start worker process 26
2021/06/19 06:01:55 [error] 23#23: *2 open() "/static/admin/css/fonts.css" failed (2: No such file or directory), client: 172.22.0.1, server: 127.0.0.1, request: "GET /static/admin/css/fonts.css HTTP/1.1", host: "127.0.0.1:8000", referrer: "http://127.0.0.1:8000/"
2021/06/19 06:02:25 [error] 23#23: *6 open() "/static/admin/css/base.css" failed (2: No such file or directory), client: 172.22.0.1, server: 127.0.0.1, request: "GET /static/admin/css/base.css HTTP/1.1", host: "127.0.0.1:8000", referrer: "http://127.0.0.1:8000/admin/login/?next=/admin/"
2021/06/19 06:02:25 [error] 23#23: *5 open() "/static/admin/css/nav_sidebar.css" failed (2: No such file or directory), client: 172.22.0.1, server: 127.0.0.1, request: "GET /static/admin/css/nav_sidebar.css HTTP/1.1", host: "127.0.0.1:8000", referrer: "http://127.0.0.1:8000/admin/login/?next=/admin/"
2021/06/19 06:02:25 [error] 24#24: *9 open() "/static/admin/css/login.css" failed (2: No such file or directory), client: 172.22.0.1, server: 127.0.0.1, request: "GET /static/admin/css/login.css HTTP/1.1", host: "127.0.0.1:8000", referrer: "http://127.0.0.1:8000/admin/login/?next=/admin/"
2021/06/19 06:02:25 [error] 25#25: *10 open() "/static/admin/css/responsive.css" failed (2: No such file or directory), client: 172.22.0.1, server: 127.0.0.1, request: "GET /static/admin/css/responsive.css HTTP/1.1", host: "127.0.0.1:8000", referrer: "http://127.0.0.1:8000/admin/login/?next=/admin/"
2021/06/19 06:02:25 [error] 25#25: *11 open() "/static/admin/js/nav_sidebar.js" failed (2: No such file or directory), client: 172.22.0.1, server: 127.0.0.1, request: "GET /static/admin/js/nav_sidebar.js HTTP/1.1", host: "127.0.0.1:8000", referrer: "http://127.0.0.1:8000/admin/login/?next=/admin/"
2021/06/19 06:33:36 [notice] 1#1: signal 3 (SIGQUIT) received, shutting down
2021/06/19 06:33:36 [notice] 23#23: gracefully shutting down
2021/06/19 06:33:36 [notice] 25#25: gracefully shutting down
2021/06/19 06:33:36 [notice] 26#26: gracefully shutting down
2021/06/19 06:33:36 [notice] 24#24: gracefully shutting down
2021/06/19 06:33:36 [notice] 23#23: exiting
2021/06/19 06:33:36 [notice] 25#25: exiting
2021/06/19 06:33:36 [notice] 26#26: exiting
2021/06/19 06:33:36 [notice] 24#24: exiting
2021/06/19 06:33:36 [notice] 23#23: exit
2021/06/19 06:33:36 [notice] 25#25: exit
2021/06/19 06:33:36 [notice] 26#26: exit
2021/06/19 06:33:36 [notice] 24#24: exit
2021/06/19 06:33:36 [notice] 1#1: signal 17 (SIGCHLD) received from 25
2021/06/19 06:33:36 [notice] 1#1: worker process 24 exited with code 0
2021/06/19 06:33:36 [notice] 1#1: worker process 25 exited with code 0
2021/06/19 06:33:36 [notice] 1#1: signal 29 (SIGIO) received
2021/06/19 06:33:36 [notice] 1#1: signal 17 (SIGCHLD) received from 26
2021/06/19 06:33:36 [notice] 1#1: worker process 23 exited with code 0
2021/06/19 06:33:36 [notice] 1#1: worker process 26 exited with code 0
2021/06/19 06:33:36 [notice] 1#1: exit
2021/06/19 06:42:54 [notice] 1#1: using the "epoll" event method
2021/06/19 06:42:54 [notice] 1#1: nginx/1.21.0
2021/06/19 06:42:54 [notice] 1#1: built by gcc 8.3.0 (Debian 8.3.0-6) 
2021/06/19 06:42:54 [notice] 1#1: OS: Linux 5.4.72-microsoft-standard-WSL2
2021/06/19 06:42:54 [notice] 1#1: getrlimit(RLIMIT_NOFILE): 1048576:1048576
2021/06/19 06:42:54 [notice] 1#1: start worker processes
2021/06/19 06:42:54 [notice] 1#1: start worker process 23
2021/06/19 06:42:54 [notice] 1#1: start worker process 24
2021/06/19 06:42:54 [notice] 1#1: start worker process 25
2021/06/19 06:42:54 [notice] 1#1: start worker process 26
2021/06/19 06:43:28 [notice] 1#1: signal 3 (SIGQUIT) received, shutting down
2021/06/19 06:43:28 [notice] 23#23: gracefully shutting down
2021/06/19 06:43:28 [notice] 24#24: gracefully shutting down
2021/06/19 06:43:28 [notice] 25#25: gracefully shutting down
2021/06/19 06:43:28 [notice] 26#26: gracefully shutting down
2021/06/19 06:43:28 [notice] 24#24: exiting
2021/06/19 06:43:28 [notice] 25#25: exiting
2021/06/19 06:43:28 [notice] 26#26: exiting
2021/06/19 06:43:28 [notice] 24#24: exit
2021/06/19 06:43:28 [notice] 25#25: exit
2021/06/19 06:43:28 [notice] 26#26: exit
2021/06/19 06:43:28 [notice] 1#1: signal 17 (SIGCHLD) received from 26
2021/06/19 06:43:28 [notice] 1#1: worker process 25 exited with code 0
2021/06/19 06:43:28 [notice] 1#1: worker process 26 exited with code 0
2021/06/19 06:43:28 [notice] 1#1: signal 29 (SIGIO) received
2021/06/19 06:43:28 [notice] 1#1: signal 17 (SIGCHLD) received from 24
2021/06/19 06:43:28 [notice] 1#1: worker process 24 exited with code 0
2021/06/19 06:43:28 [notice] 1#1: signal 29 (SIGIO) received
2021/06/19 13:26:56 [notice] 1#1: using the "epoll" event method
2021/06/19 13:26:56 [notice] 1#1: nginx/1.21.0
2021/06/19 13:26:56 [notice] 1#1: built by gcc 8.3.0 (Debian 8.3.0-6) 
2021/06/19 13:26:56 [notice] 1#1: OS: Linux 5.4.72-microsoft-standard-WSL2
2021/06/19 13:26:56 [notice] 1#1: getrlimit(RLIMIT_NOFILE): 1048576:1048576
2021/06/19 13:26:56 [notice] 1#1: start worker processes
2021/06/19 13:26:56 [notice] 1#1: start worker process 23
2021/06/19 13:26:56 [notice] 1#1: start worker process 24
2021/06/19 13:26:56 [notice] 1#1: start worker process 25
2021/06/19 13:26:56 [notice] 1#1: start worker process 26
2021/06/19 13:28:04 [notice] 1#1: signal 3 (SIGQUIT) received, shutting down
2021/06/19 13:28:04 [notice] 23#23: gracefully shutting down
2021/06/19 13:28:04 [notice] 24#24: gracefully shutting down
2021/06/19 13:28:04 [notice] 25#25: gracefully shutting down
2021/06/19 13:28:04 [notice] 26#26: gracefully shutting down
2021/06/19 13:28:04 [notice] 26#26: exiting
2021/06/19 13:28:04 [notice] 23#23: exiting
2021/06/19 13:28:04 [notice] 24#24: exiting
2021/06/19 13:28:04 [notice] 25#25: exiting
2021/06/19 13:28:04 [notice] 26#26: exit
2021/06/19 13:28:04 [notice] 23#23: exit
2021/06/19 13:28:04 [notice] 24#24: exit
2021/06/19 13:28:04 [notice] 25#25: exit
2021/06/19 13:28:04 [notice] 1#1: signal 17 (SIGCHLD) received from 26
2021/06/19 13:28:04 [notice] 1#1: worker process 24 exited with code 0
2021/06/19 13:28:04 [notice] 1#1: worker process 25 exited with code 0
2021/06/19 13:28:04 [notice] 1#1: worker process 26 exited with code 0
2021/06/19 13:28:04 [notice] 1#1: signal 29 (SIGIO) received
2021/06/19 13:28:04 [notice] 1#1: signal 17 (SIGCHLD) received from 23
2021/06/19 13:28:04 [notice] 1#1: worker process 23 exited with code 0
2021/06/19 13:28:04 [notice] 1#1: exit
2021/06/19 13:34:55 [notice] 1#1: using the "epoll" event method
2021/06/19 13:34:55 [notice] 1#1: nginx/1.21.0
2021/06/19 13:34:55 [notice] 1#1: built by gcc 8.3.0 (Debian 8.3.0-6) 
2021/06/19 13:34:55 [notice] 1#1: OS: Linux 5.4.72-microsoft-standard-WSL2
2021/06/19 13:34:55 [notice] 1#1: getrlimit(RLIMIT_NOFILE): 1048576:1048576
2021/06/19 13:34:55 [notice] 1#1: start worker processes
2021/06/19 13:34:55 [notice] 1#1: start worker process 23
2021/06/19 13:34:55 [notice] 1#1: start worker process 24
2021/06/19 13:34:55 [notice] 1#1: start worker process 25
2021/06/19 13:34:55 [notice] 1#1: start worker process 26
2021/06/19 13:35:26 [notice] 1#1: signal 3 (SIGQUIT) received, shutting down
2021/06/19 13:35:26 [notice] 23#23: gracefully shutting down
2021/06/19 13:35:26 [notice] 24#24: gracefully shutting down
2021/06/19 13:35:26 [notice] 25#25: gracefully shutting down
2021/06/19 13:35:26 [notice] 26#26: gracefully shutting down
2021/06/19 13:35:26 [notice] 23#23: exiting
2021/06/19 13:35:26 [notice] 23#23: exit
2021/06/19 13:35:26 [notice] 24#24: exiting
2021/06/19 13:35:26 [notice] 24#24: exit
2021/06/19 13:35:26 [notice] 25#25: exiting
2021/06/19 13:35:26 [notice] 25#25: exit
2021/06/19 13:35:26 [notice] 26#26: exiting
2021/06/19 13:35:26 [notice] 26#26: exit
2021/06/19 13:35:27 [notice] 1#1: signal 17 (SIGCHLD) received from 23
2021/06/19 13:35:27 [notice] 1#1: worker process 23 exited with code 0
2021/06/19 13:35:27 [notice] 1#1: worker process 25 exited with code 0
2021/06/19 13:35:27 [notice] 1#1: worker process 26 exited with code 0
2021/06/19 13:35:27 [notice] 1#1: worker process 24 exited with code 0
2021/06/19 13:35:27 [notice] 1#1: exit
2021/06/19 13:36:17 [notice] 1#1: using the "epoll" event method
2021/06/19 13:36:17 [notice] 1#1: nginx/1.21.0
2021/06/19 13:36:17 [notice] 1#1: built by gcc 8.3.0 (Debian 8.3.0-6) 
2021/06/19 13:36:17 [notice] 1#1: OS: Linux 5.4.72-microsoft-standard-WSL2
2021/06/19 13:36:17 [notice] 1#1: getrlimit(RLIMIT_NOFILE): 1048576:1048576
2021/06/19 13:36:17 [notice] 1#1: start worker processes
2021/06/19 13:36:17 [notice] 1#1: start worker process 23
2021/06/19 13:36:17 [notice] 1#1: start worker process 24
2021/06/19 13:36:17 [notice] 1#1: start worker process 25
2021/06/19 13:36:17 [notice] 1#1: start worker process 26
2021/06/19 13:37:23 [notice] 1#1: signal 3 (SIGQUIT) received, shutting down
2021/06/19 13:37:23 [notice] 23#23: gracefully shutting down
2021/06/19 13:37:23 [notice] 24#24: gracefully shutting down
2021/06/19 13:37:23 [notice] 25#25: gracefully shutting down
2021/06/19 13:37:23 [notice] 26#26: gracefully shutting down
2021/06/19 13:37:23 [notice] 23#23: exiting
2021/06/19 13:37:23 [notice] 24#24: exiting
2021/06/19 13:37:23 [notice] 25#25: exiting
2021/06/19 13:37:23 [notice] 26#26: exiting
2021/06/19 13:37:23 [notice] 26#26: exit
2021/06/19 13:37:23 [notice] 23#23: exit
2021/06/19 13:37:23 [notice] 24#24: exit
2021/06/19 13:37:23 [notice] 25#25: exit
2021/06/19 13:37:23 [notice] 1#1: signal 17 (SIGCHLD) received from 26
2021/06/19 13:37:23 [notice] 1#1: worker process 23 exited with code 0
2021/06/19 13:37:23 [notice] 1#1: worker process 25 exited with code 0
2021/06/19 13:37:23 [notice] 1#1: worker process 26 exited with code 0
2021/06/19 13:37:23 [notice] 1#1: signal 29 (SIGIO) received
2021/06/19 13:37:23 [notice] 1#1: signal 17 (SIGCHLD) received from 24
2021/06/19 13:37:23 [notice] 1#1: worker process 24 exited with code 0
2021/06/19 13:37:23 [notice] 1#1: exit
2021/06/20 02:43:59 [notice] 1#1: using the "epoll" event method
2021/06/20 02:43:59 [notice] 1#1: nginx/1.21.0
2021/06/20 02:43:59 [notice] 1#1: built by gcc 8.3.0 (Debian 8.3.0-6) 
2021/06/20 02:43:59 [notice] 1#1: OS: Linux 5.4.72-microsoft-standard-WSL2
2021/06/20 02:43:59 [notice] 1#1: getrlimit(RLIMIT_NOFILE): 1048576:1048576
2021/06/20 02:43:59 [notice] 1#1: start worker processes
2021/06/20 02:43:59 [notice] 1#1: start worker process 23
2021/06/20 02:43:59 [notice] 1#1: start worker process 24
2021/06/20 02:43:59 [notice] 1#1: start worker process 25
2021/06/20 02:43:59 [notice] 1#1: start worker process 26
2021/06/20 02:50:01 [error] 23#23: *6 open() "/static/pj_image/armx8-1ibhc-001.ico" failed (2: No such file or directory), client: 172.28.0.1, server: 127.0.0.1, request: "GET /static/pj_image/armx8-1ibhc-001.ico HTTP/1.1", host: "localhost:8000", referrer: "http://localhost:8000/app/"
2021/06/20 02:50:40 [error] 23#23: *6 open() "/static/app_image/dixans_IMG.jpg" failed (2: No such file or directory), client: 172.28.0.1, server: 127.0.0.1, request: "GET /static/app_image/dixans_IMG.jpg HTTP/1.1", host: "localhost:8000", referrer: "http://localhost:8000/app/4/"
2021/06/20 02:53:52 [notice] 1#1: signal 3 (SIGQUIT) received, shutting down
2021/06/20 02:53:52 [notice] 23#23: gracefully shutting down
2021/06/20 02:53:52 [notice] 24#24: gracefully shutting down
2021/06/20 02:53:52 [notice] 26#26: gracefully shutting down
2021/06/20 02:53:52 [notice] 25#25: gracefully shutting down
2021/06/20 02:53:52 [notice] 23#23: exiting
2021/06/20 02:53:52 [notice] 24#24: exiting
2021/06/20 02:53:52 [notice] 26#26: exiting
2021/06/20 02:53:52 [notice] 25#25: exiting
2021/06/20 02:53:52 [notice] 23#23: exit
2021/06/20 02:53:52 [notice] 24#24: exit
2021/06/20 02:53:52 [notice] 26#26: exit
2021/06/20 02:53:52 [notice] 25#25: exit
2021/06/20 02:53:52 [notice] 1#1: signal 17 (SIGCHLD) received from 24
2021/06/20 02:53:52 [notice] 1#1: worker process 24 exited with code 0
2021/06/20 02:53:52 [notice] 1#1: worker process 25 exited with code 0
2021/06/20 02:53:52 [notice] 1#1: worker process 26 exited with code 0
2021/06/20 02:53:52 [notice] 1#1: signal 29 (SIGIO) received
2021/06/20 02:53:52 [notice] 1#1: signal 17 (SIGCHLD) received from 26
2021/06/20 02:53:52 [notice] 1#1: signal 17 (SIGCHLD) received from 23
2021/06/20 02:53:52 [notice] 1#1: worker process 23 exited with code 0
2021/06/20 02:53:52 [notice] 1#1: exit
